14:13:03.337 [main                     ] DEBUG Logger               - Configured Logger
14:13:03.352 [main                     ] DEBUG GameApplication      - Logging settings
Title: My Game
Version: 0.1
Width: 1000
Height: 800
Fullscreen: false
Intro: false
Profiling: false
Single step:false
App Mode: DEVELOPER
Menu Key: ESCAPE
Stage Style: DECORATED
Scene Factory: class com.almasb.fxgl.app.scene.SceneFactory

14:13:03.823 [JavaFX Application Thread] DEBUG FXGLApplication      - Initializing FXGL
14:13:03.840 [JavaFX Application Thread] INFO  Engine               - FXGL-21.1 (26.03.2024 17.33) on WINDOWS (J:21.0.1 FX:21.0.1)
14:13:03.840 [JavaFX Application Thread] DEBUG Engine               - JRE Vendor Name: Oracle Corporation
14:13:03.841 [JavaFX Application Thread] DEBUG Engine               - Running on OS: Windows 11 version 10.0
14:13:03.841 [JavaFX Application Thread] DEBUG Engine               - Architecture: amd64
14:13:03.841 [JavaFX Application Thread] INFO  Engine               - Source code and latest versions at: https://github.com/AlmasB/FXGL
14:13:03.842 [JavaFX Application Thread] INFO  Engine               -       Ask questions and discuss at: https://github.com/AlmasB/FXGL/discussions
14:13:03.842 [JavaFX Application Thread] INFO  Engine               -              Join the FXGL chat at: https://gitter.im/AlmasB/FXGL
14:13:04.061 [JavaFX Application Thread] DEBUG PrimaryStageWindow   - Creating a JavaFX scene
14:13:04.123 [JavaFX Application Thread] DEBUG PrimaryStageWindow   - Target settings size: 1000.0 x 800.0
14:13:04.124 [JavaFX Application Thread] DEBUG PrimaryStageWindow   - Scaled scene size:    1000.0 x 800.0
14:13:04.124 [JavaFX Application Thread] DEBUG PrimaryStageWindow   - Scaled ratio: (1.0, 1.0)
14:13:04.125 [JavaFX Application Thread] DEBUG PrimaryStageWindow   - Set initial scene to FXGLStartupScene
14:13:04.128 [JavaFX Application Thread] DEBUG PrimaryStageWindow   - Opening main window
14:13:04.221 [JavaFX Application Thread] DEBUG PrimaryStageWindow   - Window border size: (14.4000244140625, 37.5999755859375)
14:13:04.222 [JavaFX Application Thread] DEBUG PrimaryStageWindow   - Scaled size: 1000.0 x 800.0
14:13:04.222 [JavaFX Application Thread] DEBUG PrimaryStageWindow   - Scaled ratio: (1.0, 1.0)
14:13:04.223 [JavaFX Application Thread] DEBUG PrimaryStageWindow   - Scene size: 1000.0 x 800.0
14:13:04.223 [JavaFX Application Thread] DEBUG PrimaryStageWindow   - Stage size: 1014.4000244140625 x 837.5999755859375
14:13:04.236 [FXGL Background Thread 1 ] DEBUG Engine               - Initializing environment variables
14:13:04.312 [FXGL Background Thread 1 ] DEBUG FXGLAssetLoaderServi - User app class for loading assets: class App
14:13:04.312 [FXGL Background Thread 1 ] DEBUG GameApplicationServi - Applying CSS: fxgl_dark.css
14:13:04.313 [FXGL Background Thread 1 ] DEBUG FXGLAssetLoaderServi - Loading from file system: jar:file:/C:/Users/upshu/OneDrive/Documents/Downloads/fxgl-21.1-uber.jar!/fxglassets/ui/css/fxgl_dark.css
14:13:04.400 [FXGL Background Thread 1 ] DEBUG GameApplicationServi - Initializing application scenes
14:13:04.467 [FXGL Background Thread 1 ] DEBUG GameWorld            - Game world initialized
14:13:04.542 [FXGL Background Thread 1 ] DEBUG PhysicsWorld         - Physics world initialized: appHeight=800, physics.ppm=50.0
14:13:04.542 [FXGL Background Thread 1 ] DEBUG PhysicsWorld         - Using strategy: BRUTE_FORCE
14:13:04.546 [FXGL Background Thread 1 ] DEBUG GameScene            - Game scene initialized: 1000x800
14:13:04.559 [FXGL Background Thread 1 ] DEBUG FXGL.DefaultMenu     - createMenuBodyGameMenu()
14:13:04.581 [FXGL Background Thread 1 ] DEBUG FXGL.DefaultMenu     - createOptionsMenu()
14:13:04.594 [FXGL Background Thread 1 ] DEBUG FXGLAssetLoaderServi - Loading from file system: jar:file:/C:/Users/upshu/OneDrive/Documents/Downloads/fxgl-21.1-uber.jar!/fxglassets/textures/particles/smoke.png
14:13:04.724 [FXGL Background Thread 1 ] DEBUG FXGLAssetLoaderServi - Loading from file system: jar:file:/C:/Users/upshu/OneDrive/Documents/Downloads/fxgl-21.1-uber.jar!/fxglassets/textures/particles/trace_horizontal.png
14:13:04.752 [FXGL Background Thread 1 ] DEBUG GameApplicationServi - Application scenes initialized
14:13:04.770 [FXGL Background Thread 1 ] DEBUG SystemBundleService  - Loading FXGL system data
14:13:04.776 [FXGL Background Thread 1 ] DEBUG FileSystemAccess     - Reading from: C:\Users\upshu\OneDrive\Documents\GitHub\HerculesProject\system\fxgl.bundle
14:13:04.786 [FXGL Background Thread 1 ] DEBUG SystemBundleService  - Bundle FXGL: {}
14:13:04.786 [FXGL Background Thread 1 ] DEBUG UpdaterService       - Checking for updates
14:13:04.791 [FXGL Background Thread 4 ] DEBUG FXGLApplication      - Loading fonts
14:13:04.792 [FXGL Background Thread 4 ] DEBUG FXGLAssetLoaderServi - Loading from file system: jar:file:/C:/Users/upshu/OneDrive/Documents/Downloads/fxgl-21.1-uber.jar!/fxglassets/ui/fonts/VarelaRound-Regular.ttf
14:13:04.792 [FXGL Background Thread 1 ] DEBUG FXGLApplication      - Loading default localization
14:13:04.793 [FXGL Background Thread 1 ] DEBUG FXGLAssetLoaderServi - Loading from file system: jar:file:/C:/Users/upshu/OneDrive/Documents/Downloads/fxgl-21.1-uber.jar!/fxglassets/languages/english.lang
14:13:04.817 [FXGL Background Thread 1 ] INFO  FXGLApplication      - FXGL initialization took: 0.580 sec
14:13:04.825 [FXGL Background Thread 4 ] DEBUG FXGLAssetLoaderServi - Loading from file system: jar:file:/C:/Users/upshu/OneDrive/Documents/Downloads/fxgl-21.1-uber.jar!/fxglassets/ui/fonts/Abel-Regular.ttf
14:13:04.829 [FXGL Background Thread 4 ] DEBUG FXGLAssetLoaderServi - Loading from file system: jar:file:/C:/Users/upshu/OneDrive/Documents/Downloads/fxgl-21.1-uber.jar!/fxglassets/ui/fonts/TerminalLandMono-Regular.otf
14:13:04.833 [JavaFX Application Thread] DEBUG Input                - Registered new binding: Move Right - D
14:13:04.833 [FXGL Background Thread 4 ] DEBUG FXGLAssetLoaderServi - Loading from file system: jar:file:/C:/Users/upshu/OneDrive/Documents/Downloads/fxgl-21.1-uber.jar!/fxglassets/ui/fonts/Courier-Prime.ttf
14:13:04.833 [JavaFX Application Thread] DEBUG FXGLAssetLoaderServi - Loading from file system: jar:file:/C:/Users/upshu/OneDrive/Documents/Downloads/fxgl-21.1-uber.jar!/fxglassets/textures/fxgl_icon.png
14:13:04.859 [JavaFX Application Thread] DEBUG FXGLAssetLoaderServi - Loading from file system: jar:file:/C:/Users/upshu/OneDrive/Documents/Downloads/fxgl-21.1-uber.jar!/fxglassets/textures/fxgl_default_cursor.png
14:13:04.862 [JavaFX Application Thread] DEBUG Input                - Registered new binding: Screenshot - CTRL+8
14:13:04.862 [JavaFX Application Thread] DEBUG Input                - Registered new binding: System info dump - CTRL+9
14:13:04.862 [JavaFX Application Thread] DEBUG Input                - Registered new binding: Restart - CTRL+R
14:13:04.863 [JavaFX Application Thread] DEBUG Input                - Registered new binding: Toggle Debug Camera - CTRL+7
14:13:04.866 [JavaFX Application Thread] DEBUG LoopRunner           - Starting loop
14:13:04.866 [JavaFX Application Thread] DEBUG LoopRunner           - Initializing JavaFX AnimationTimerLoop
14:13:04.869 [JavaFX Application Thread] DEBUG GameApplicationServi - Starting new game
14:13:04.869 [JavaFX Application Thread] DEBUG Input                - Clearing active input actions
14:13:04.885 [JavaFX Application Thread] DEBUG GameApplicationServi - Removing overlay from FXGLStartupScene and adding to FXGLLoadingScene
14:13:04.885 [JavaFX Application Thread] DEBUG PrimaryStageWindow   - FXGLStartupScene -> FXGLLoadingScene
14:13:04.885 [JavaFX Application Thread] DEBUG GameApplicationServi - Clearing previous game
14:13:04.886 [JavaFX Application Thread] DEBUG GameScene            - Clearing game scene
14:13:04.886 [JavaFX Application Thread] DEBUG GameWorld            - Clearing game world
14:13:04.890 [JavaFX Application Thread] DEBUG PhysicsWorld         - Clearing physics world
14:13:04.892 [FXGL Background Thread 4 ] DEBUG FXGLApplication      - Initializing game
14:13:04.894 [FXGL Background Thread 4 ] WARN  FXGLAssetLoaderServi - Asset "/assets/textures/player.png" was not found!
14:13:04.895 [FXGL Background Thread 4 ] WARN  FXGLAssetLoaderServi - Failed to load IMAGE
14:13:05.074 [FXGL Background Thread 4 ] INFO  FXGLApplication      - Game initialization took: 0.182 sec
14:13:05.080 [JavaFX Application Thread] DEBUG Input                - Clearing active input actions
14:13:05.097 [JavaFX Application Thread] DEBUG GameApplicationServi - Removing overlay from FXGLLoadingScene and adding to GameScene
14:13:05.097 [JavaFX Application Thread] DEBUG PrimaryStageWindow   - FXGLLoadingScene -> GameScene
14:13:06.697 [JavaFX Application Thread] DEBUG FXGLApplication      - Exiting FXGL
14:13:06.698 [JavaFX Application Thread] DEBUG LoopRunner           - Stopping loop
14:13:06.699 [JavaFX Application Thread] DEBUG SystemBundleService  - Saving FXGL system data
14:13:06.704 [JavaFX Application Thread] DEBUG FileSystemAccess     - Writing to: C:\Users\upshu\OneDrive\Documents\GitHub\HerculesProject\system\fxgl.bundle
14:13:06.709 [JavaFX Application Thread] DEBUG Async                - Shutting down background threads
14:13:06.710 [JavaFX Application Thread] DEBUG PrimaryStageWindow   - Closing main window
14:13:06.745 [JavaFX Application Thread] DEBUG Logger               - Closing Logger
