20:01:28.478 [main                     ] DEBUG Logger               - Configured Logger
20:01:28.499 [main                     ] DEBUG GameApplication      - Logging settings
Title: My Game
Version: 0.1
Width: 800
Height: 600
Fullscreen: false
Intro: false
Profiling: false
Single step:false
App Mode: DEVELOPER
Menu Key: ESCAPE
Stage Style: DECORATED
Scene Factory: class com.almasb.fxgl.app.scene.SceneFactory

20:01:28.901 [JavaFX Application Thread] DEBUG FXGLApplication      - Initializing FXGL
20:01:28.905 [JavaFX Application Thread] INFO  Engine               - FXGL-21 (28.12.2023 13.39) on WINDOWS (J:21.0.2 FX:21.0.1)
20:01:28.905 [JavaFX Application Thread] DEBUG Engine               - JRE Vendor Name: Eclipse Adoptium
20:01:28.906 [JavaFX Application Thread] DEBUG Engine               - Running on OS: Windows 11 version 10.0
20:01:28.906 [JavaFX Application Thread] DEBUG Engine               - Architecture: amd64
20:01:28.906 [JavaFX Application Thread] INFO  Engine               - Source code and latest versions at: https://github.com/AlmasB/FXGL
20:01:28.906 [JavaFX Application Thread] INFO  Engine               -       Ask questions and discuss at: https://github.com/AlmasB/FXGL/discussions
20:01:28.906 [JavaFX Application Thread] INFO  Engine               -              Join the FXGL chat at: https://gitter.im/AlmasB/FXGL
20:01:29.001 [JavaFX Application Thread] DEBUG PrimaryStageWindow   - Creating a JavaFX scene
20:01:29.037 [JavaFX Application Thread] DEBUG PrimaryStageWindow   - Target settings size: 800.0 x 600.0
20:01:29.037 [JavaFX Application Thread] DEBUG PrimaryStageWindow   - Scaled scene size:    800.0 x 600.0
20:01:29.037 [JavaFX Application Thread] DEBUG PrimaryStageWindow   - Scaled ratio: (1.0, 1.0)
20:01:29.038 [JavaFX Application Thread] DEBUG PrimaryStageWindow   - Set initial scene to FXGLStartupScene
20:01:29.040 [JavaFX Application Thread] DEBUG PrimaryStageWindow   - Opening main window
20:01:29.129 [JavaFX Application Thread] DEBUG PrimaryStageWindow   - Window border size: (16.0, 39.0)
20:01:29.131 [JavaFX Application Thread] DEBUG PrimaryStageWindow   - Scaled size: 800.0 x 600.0
20:01:29.131 [JavaFX Application Thread] DEBUG PrimaryStageWindow   - Scaled ratio: (1.0, 1.0)
20:01:29.131 [JavaFX Application Thread] DEBUG PrimaryStageWindow   - Scene size: 800.0 x 600.0
20:01:29.132 [JavaFX Application Thread] DEBUG PrimaryStageWindow   - Stage size: 816.0 x 639.0
20:01:29.138 [FXGL Background Thread 1 ] DEBUG Engine               - Initializing environment variables
20:01:29.191 [FXGL Background Thread 1 ] DEBUG FXGLAssetLoaderServi - User app class for loading assets: class App
20:01:29.192 [FXGL Background Thread 1 ] DEBUG GameApplicationServi - Applying CSS: fxgl_dark.css
20:01:29.192 [FXGL Background Thread 1 ] DEBUG FXGLAssetLoaderServi - Loading from file system: jar:file:/C:/Users/Spencer%20Roeren/Downloads/fxgl-21-uber.jar!/fxglassets/ui/css/fxgl_dark.css
20:01:29.231 [FXGL Background Thread 1 ] DEBUG GameApplicationServi - Initializing application scenes
20:01:29.257 [FXGL Background Thread 1 ] DEBUG GameWorld            - Game world initialized
20:01:29.316 [FXGL Background Thread 1 ] DEBUG PhysicsWorld         - Physics world initialized: appHeight=600, physics.ppm=50.0
20:01:29.316 [FXGL Background Thread 1 ] DEBUG PhysicsWorld         - Using strategy: BRUTE_FORCE
20:01:29.321 [FXGL Background Thread 1 ] DEBUG GameScene            - Game scene initialized: 800x600
20:01:29.332 [FXGL Background Thread 1 ] DEBUG FXGL.DefaultMenu     - createMenuBodyGameMenu()
20:01:29.347 [FXGL Background Thread 1 ] DEBUG FXGL.DefaultMenu     - createOptionsMenu()
20:01:29.355 [FXGL Background Thread 1 ] DEBUG FXGLAssetLoaderServi - Loading from file system: jar:file:/C:/Users/Spencer%20Roeren/Downloads/fxgl-21-uber.jar!/fxglassets/textures/particles/smoke.png
20:01:29.445 [FXGL Background Thread 1 ] DEBUG FXGLAssetLoaderServi - Loading from file system: jar:file:/C:/Users/Spencer%20Roeren/Downloads/fxgl-21-uber.jar!/fxglassets/textures/particles/trace_horizontal.png
20:01:29.473 [FXGL Background Thread 1 ] DEBUG GameApplicationServi - Application scenes initialized
20:01:29.486 [FXGL Background Thread 1 ] DEBUG SystemBundleService  - Loading FXGL system data
20:01:29.494 [FXGL Background Thread 1 ] DEBUG FileSystemAccess     - Reading from: D:\School\CSI 2300\HerculesProject\HerculesProject\system\fxgl.bundle
20:01:29.505 [FXGL Background Thread 1 ] DEBUG SystemBundleService  - Bundle FXGL: {}
20:01:29.505 [FXGL Background Thread 1 ] DEBUG UpdaterService       - Checking for updates
20:01:29.510 [FXGL Background Thread 4 ] DEBUG FXGLApplication      - Loading fonts
20:01:29.510 [FXGL Background Thread 4 ] DEBUG FXGLAssetLoaderServi - Loading from file system: jar:file:/C:/Users/Spencer%20Roeren/Downloads/fxgl-21-uber.jar!/fxglassets/ui/fonts/VarelaRound-Regular.ttf
20:01:29.510 [FXGL Background Thread 1 ] DEBUG FXGLApplication      - Loading default localization
20:01:29.511 [FXGL Background Thread 1 ] DEBUG FXGLAssetLoaderServi - Loading from file system: jar:file:/C:/Users/Spencer%20Roeren/Downloads/fxgl-21-uber.jar!/fxglassets/languages/english.lang
20:01:29.545 [FXGL Background Thread 1 ] INFO  FXGLApplication      - FXGL initialization took: 0.407 sec
20:01:29.551 [FXGL Background Thread 4 ] DEBUG FXGLAssetLoaderServi - Loading from file system: jar:file:/C:/Users/Spencer%20Roeren/Downloads/fxgl-21-uber.jar!/fxglassets/ui/fonts/Abel-Regular.ttf
20:01:29.555 [FXGL Background Thread 4 ] DEBUG FXGLAssetLoaderServi - Loading from file system: jar:file:/C:/Users/Spencer%20Roeren/Downloads/fxgl-21-uber.jar!/fxglassets/ui/fonts/TerminalLandMono-Regular.otf
20:01:29.558 [FXGL Background Thread 4 ] DEBUG FXGLAssetLoaderServi - Loading from file system: jar:file:/C:/Users/Spencer%20Roeren/Downloads/fxgl-21-uber.jar!/fxglassets/ui/fonts/Courier-Prime.ttf
20:01:29.560 [JavaFX Application Thread] DEBUG Input                - Registered new binding: Move Right - D
20:01:29.560 [JavaFX Application Thread] DEBUG FXGLAssetLoaderServi - Loading from file system: jar:file:/C:/Users/Spencer%20Roeren/Downloads/fxgl-21-uber.jar!/fxglassets/textures/fxgl_icon.png
20:01:29.579 [JavaFX Application Thread] DEBUG FXGLAssetLoaderServi - Loading from file system: jar:file:/C:/Users/Spencer%20Roeren/Downloads/fxgl-21-uber.jar!/fxglassets/textures/fxgl_default_cursor.png
20:01:29.582 [JavaFX Application Thread] DEBUG Input                - Registered new binding: Screenshot - CTRL+8
20:01:29.582 [JavaFX Application Thread] DEBUG Input                - Registered new binding: System info dump - CTRL+9
20:01:29.583 [JavaFX Application Thread] DEBUG Input                - Registered new binding: Restart - CTRL+R
20:01:29.584 [JavaFX Application Thread] DEBUG Input                - Registered new binding: Toggle Debug Camera - CTRL+7
20:01:29.586 [JavaFX Application Thread] DEBUG LoopRunner           - Starting loop
20:01:29.586 [JavaFX Application Thread] DEBUG LoopRunner           - Initializing JavaFX AnimationTimerLoop
20:01:29.588 [JavaFX Application Thread] DEBUG GameApplicationServi - Starting new game
20:01:29.588 [JavaFX Application Thread] DEBUG Input                - Clearing active input actions
20:01:29.599 [JavaFX Application Thread] DEBUG GameApplicationServi - Removing overlay from FXGLStartupScene and adding to FXGLLoadingScene
20:01:29.600 [JavaFX Application Thread] DEBUG PrimaryStageWindow   - FXGLStartupScene -> FXGLLoadingScene
20:01:29.600 [JavaFX Application Thread] DEBUG GameApplicationServi - Clearing previous game
20:01:29.600 [JavaFX Application Thread] DEBUG GameScene            - Clearing game scene
20:01:29.600 [JavaFX Application Thread] DEBUG GameWorld            - Clearing game world
20:01:29.602 [JavaFX Application Thread] DEBUG PhysicsWorld         - Clearing physics world
20:01:29.603 [FXGL Background Thread 4 ] DEBUG FXGLApplication      - Initializing game
20:01:29.605 [JavaFX Application Thread] DEBUG FXGLApplication      - Registering font factories with UI factory
20:01:29.606 [FXGL Background Thread 4 ] WARN  FXGLAssetLoaderServi - Asset "/assets/textures/player.png" was not found!
20:01:29.606 [FXGL Background Thread 4 ] WARN  FXGLAssetLoaderServi - Failed to load IMAGE
20:01:29.720 [FXGL Background Thread 4 ] INFO  FXGLApplication      - Game initialization took: 0.116 sec
20:01:29.724 [JavaFX Application Thread] DEBUG Input                - Clearing active input actions
20:01:29.737 [JavaFX Application Thread] DEBUG GameApplicationServi - Removing overlay from FXGLLoadingScene and adding to GameScene
20:01:29.737 [JavaFX Application Thread] DEBUG PrimaryStageWindow   - FXGLLoadingScene -> GameScene
20:01:32.509 [FXGL Background Thread 3 ] DEBUG Engine               - Logging environment variables
20:01:32.509 [FXGL Background Thread 3 ] DEBUG Engine               - achievements: []
20:01:32.509 [FXGL Background Thread 3 ] DEBUG Engine               - actualHeight: 600.0
20:01:32.510 [FXGL Background Thread 3 ] DEBUG Engine               - actualHeightProperty: ReadOnlyDoubleProperty [value: 600.0]
20:01:32.510 [FXGL Background Thread 3 ] DEBUG Engine               - actualWidth: 800.0
20:01:32.510 [FXGL Background Thread 3 ] DEBUG Engine               - actualWidthProperty: ReadOnlyDoubleProperty [value: 800.0]
20:01:32.510 [FXGL Background Thread 3 ] DEBUG Engine               - appIcon: fxgl_icon.png
20:01:32.510 [FXGL Background Thread 3 ] DEBUG Engine               - applicationMode: DEVELOPER
20:01:32.510 [FXGL Background Thread 3 ] DEBUG Engine               - cSSList: [fxgl_dark.css]
20:01:32.510 [FXGL Background Thread 3 ] DEBUG Engine               - collisionDetectionStrategy: BRUTE_FORCE
20:01:32.510 [FXGL Background Thread 3 ] DEBUG Engine               - configClass: Optional.empty
20:01:32.510 [FXGL Background Thread 3 ] DEBUG Engine               - credits: []
20:01:32.510 [FXGL Background Thread 3 ] DEBUG Engine               - defaultCursor: CursorInfo(imageName=fxgl_default_cursor.png, hotspotX=7.0, hotspotY=6.0)
20:01:32.510 [FXGL Background Thread 3 ] DEBUG Engine               - devBBoxColorProperty: ObjectProperty [value: 0xff0000ff]
20:01:32.510 [FXGL Background Thread 3 ] DEBUG Engine               - devEnableDebugCameraProperty: BooleanProperty [value: false]
20:01:32.510 [FXGL Background Thread 3 ] DEBUG Engine               - devSensorColorProperty: ObjectProperty [value: 0xffff00ff]
20:01:32.511 [FXGL Background Thread 3 ] DEBUG Engine               - devShowBBoxProperty: BooleanProperty [value: false]
20:01:32.511 [FXGL Background Thread 3 ] DEBUG Engine               - devShowPositionProperty: BooleanProperty [value: false]
20:01:32.511 [FXGL Background Thread 3 ] DEBUG Engine               - enabledMenuItems: []
20:01:32.511 [FXGL Background Thread 3 ] DEBUG Engine               - engineServices: [class com.almasb.fxgl.app.services.FXGLAssetLoaderService, class com.almasb.fxgl.app.FXGLApplication$GameApplicationService, class com.almasb.fxgl.app.services.FXGLDialogService, class com.almasb.fxgl.app.services.IOTaskExecutorService, class com.almasb.fxgl.io.FileSystemService, class com.almasb.fxgl.localization.LocalizationService, class com.almasb.fxgl.app.services.SystemBundleService, class com.almasb.fxgl.profile.SaveLoadService, class com.almasb.fxgl.ui.FXGLUIFactoryServiceProvider, class com.almasb.fxgl.ui.FXGLDialogFactoryServiceProvider, class com.almasb.fxgl.audio.AudioPlayer, class com.almasb.fxgl.notification.impl.NotificationServiceProvider, class com.almasb.fxgl.achievement.AchievementService, class com.almasb.fxgl.cutscene.CutsceneService, class com.almasb.fxgl.minigames.MiniGameService, class com.almasb.fxgl.net.NetService, class com.almasb.fxgl.app.services.UpdaterService, class com.almasb.fxgl.dev.DevService]
20:01:32.511 [FXGL Background Thread 3 ] DEBUG Engine               - fontGame: Abel-Regular.ttf
20:01:32.511 [FXGL Background Thread 3 ] DEBUG Engine               - fontMono: TerminalLandMono-Regular.otf
20:01:32.511 [FXGL Background Thread 3 ] DEBUG Engine               - fontSizeScaleUI: 1.0
20:01:32.511 [FXGL Background Thread 3 ] DEBUG Engine               - fontText: Courier-Prime.ttf
20:01:32.511 [FXGL Background Thread 3 ] DEBUG Engine               - fontUI: VarelaRound-Regular.ttf
20:01:32.511 [FXGL Background Thread 3 ] DEBUG Engine               - fullScreen: BooleanProperty [value: false]
20:01:32.511 [FXGL Background Thread 3 ] DEBUG Engine               - gameDifficulty: MEDIUM
20:01:32.511 [FXGL Background Thread 3 ] DEBUG Engine               - gameDifficultyProperty: ObjectProperty [value: MEDIUM]
20:01:32.511 [FXGL Background Thread 3 ] DEBUG Engine               - globalMusicVolume: 0.5
20:01:32.511 [FXGL Background Thread 3 ] DEBUG Engine               - globalMusicVolumeProperty: DoubleProperty [value: 0.5]
20:01:32.511 [FXGL Background Thread 3 ] DEBUG Engine               - globalSoundVolume: 0.5
20:01:32.511 [FXGL Background Thread 3 ] DEBUG Engine               - globalSoundVolumeProperty: DoubleProperty [value: 0.5]
20:01:32.511 [FXGL Background Thread 3 ] DEBUG Engine               - height: 600
20:01:32.511 [FXGL Background Thread 3 ] DEBUG Engine               - is3D: false
20:01:32.511 [FXGL Background Thread 3 ] DEBUG Engine               - isAndroid: false
20:01:32.511 [FXGL Background Thread 3 ] DEBUG Engine               - isBrowser: false
20:01:32.511 [FXGL Background Thread 3 ] DEBUG Engine               - isClickFeedbackEnabled: false
20:01:32.511 [FXGL Background Thread 3 ] DEBUG Engine               - isCloseConfirmation: false
20:01:32.511 [FXGL Background Thread 3 ] DEBUG Engine               - isDesktop: true
20:01:32.511 [FXGL Background Thread 3 ] DEBUG Engine               - isDeveloperMenuEnabled: false
20:01:32.511 [FXGL Background Thread 3 ] DEBUG Engine               - isEmbedded: false
20:01:32.511 [FXGL Background Thread 3 ] DEBUG Engine               - isEntityPreloadEnabled: true
20:01:32.511 [FXGL Background Thread 3 ] DEBUG Engine               - isExperimentalTiledLargeMap: false
20:01:32.511 [FXGL Background Thread 3 ] DEBUG Engine               - isFileSystemWriteAllowed: true
20:01:32.511 [FXGL Background Thread 3 ] DEBUG Engine               - isFullScreenAllowed: false
20:01:32.511 [FXGL Background Thread 3 ] DEBUG Engine               - isFullScreenFromStart: false
20:01:32.511 [FXGL Background Thread 3 ] DEBUG Engine               - isGameMenuEnabled: true
20:01:32.511 [FXGL Background Thread 3 ] DEBUG Engine               - isIOS: false
20:01:32.511 [FXGL Background Thread 3 ] DEBUG Engine               - isIntroEnabled: false
20:01:32.511 [FXGL Background Thread 3 ] DEBUG Engine               - isLinux: false
20:01:32.511 [FXGL Background Thread 3 ] DEBUG Engine               - isMac: false
20:01:32.511 [FXGL Background Thread 3 ] DEBUG Engine               - isMainMenuEnabled: false
20:01:32.511 [FXGL Background Thread 3 ] DEBUG Engine               - isManualResizeEnabled: false
20:01:32.511 [FXGL Background Thread 3 ] DEBUG Engine               - isMobile: false
20:01:32.512 [FXGL Background Thread 3 ] DEBUG Engine               - isNative: false
20:01:32.512 [FXGL Background Thread 3 ] DEBUG Engine               - isPauseMusicWhenMinimized: true
20:01:32.512 [FXGL Background Thread 3 ] DEBUG Engine               - isPreserveResizeRatio: false
20:01:32.512 [FXGL Background Thread 3 ] DEBUG Engine               - isProfilingEnabled: false
20:01:32.512 [FXGL Background Thread 3 ] DEBUG Engine               - isScaleAffectedOnResize: true
20:01:32.512 [FXGL Background Thread 3 ] DEBUG Engine               - isSingleStep: false
20:01:32.512 [FXGL Background Thread 3 ] DEBUG Engine               - isUserProfileEnabled: false
20:01:32.512 [FXGL Background Thread 3 ] DEBUG Engine               - isWindows: true
20:01:32.512 [FXGL Background Thread 3 ] DEBUG Engine               - language: ObjectProperty [value: ENGLISH]
20:01:32.512 [FXGL Background Thread 3 ] DEBUG Engine               - menuKey: ESCAPE
20:01:32.512 [FXGL Background Thread 3 ] DEBUG Engine               - mouseSensitivity: 0.2
20:01:32.512 [FXGL Background Thread 3 ] DEBUG Engine               - notificationViewClass: class com.almasb.fxgl.notification.view.XboxNotificationView
20:01:32.512 [FXGL Background Thread 3 ] DEBUG Engine               - pixelsPerMeter: 50.0
20:01:32.512 [FXGL Background Thread 3 ] DEBUG Engine               - platform: WINDOWS
20:01:32.512 [FXGL Background Thread 3 ] DEBUG Engine               - prefHeightProperty: ReadOnlyDoubleProperty [value: 600.0]
20:01:32.512 [FXGL Background Thread 3 ] DEBUG Engine               - prefWidthProperty: ReadOnlyDoubleProperty [value: 800.0]
20:01:32.512 [FXGL Background Thread 3 ] DEBUG Engine               - profileDir: profiles/
20:01:32.513 [FXGL Background Thread 3 ] DEBUG Engine               - profileName: StringProperty [value: DEFAULT]
20:01:32.513 [FXGL Background Thread 3 ] DEBUG Engine               - randomSeed: -1
20:01:32.513 [FXGL Background Thread 3 ] DEBUG Engine               - runtimeInfo: RuntimeInfo(platform=WINDOWS, version=21, build=28.12.2023 13.39)
20:01:32.513 [FXGL Background Thread 3 ] DEBUG Engine               - saveFileExt: sav
20:01:32.513 [FXGL Background Thread 3 ] DEBUG Engine               - scaledHeightProp$fxgl: DoubleProperty [bound, value: 600.0]
20:01:32.513 [FXGL Background Thread 3 ] DEBUG Engine               - scaledWidthProp$fxgl: DoubleProperty [bound, value: 800.0]
20:01:32.513 [FXGL Background Thread 3 ] DEBUG Engine               - sceneFactory: com.almasb.fxgl.app.scene.SceneFactory@375019aa
20:01:32.513 [FXGL Background Thread 3 ] DEBUG Engine               - secondsIn24h: 60
20:01:32.513 [FXGL Background Thread 3 ] DEBUG Engine               - soundMenuBack: menu/back.wav
20:01:32.513 [FXGL Background Thread 3 ] DEBUG Engine               - soundMenuPress: menu/press.wav
20:01:32.513 [FXGL Background Thread 3 ] DEBUG Engine               - soundMenuSelect: menu/select.wav
20:01:32.513 [FXGL Background Thread 3 ] DEBUG Engine               - soundNotification: core/notification.wav
20:01:32.513 [FXGL Background Thread 3 ] DEBUG Engine               - stageStyle: DECORATED
20:01:32.513 [FXGL Background Thread 3 ] DEBUG Engine               - supportedLanguages: [ENGLISH, FRENCH, GERMAN, HUNGARIAN, RUSSIAN]
20:01:32.514 [FXGL Background Thread 3 ] DEBUG Engine               - ticksPerSecond: -1
20:01:32.514 [FXGL Background Thread 3 ] DEBUG Engine               - title: My Game
20:01:32.514 [FXGL Background Thread 3 ] DEBUG Engine               - urlGithub: https://github.com/AlmasB/FXGL
20:01:32.514 [FXGL Background Thread 3 ] DEBUG Engine               - urlLeaderboard: http://fxgl-top.herokuapp.com/
20:01:32.514 [FXGL Background Thread 3 ] DEBUG Engine               - urlPOM: https://raw.githubusercontent.com/AlmasB/FXGL/release/README.md
20:01:32.514 [FXGL Background Thread 3 ] DEBUG Engine               - userAppClass: class App
20:01:32.514 [FXGL Background Thread 3 ] DEBUG Engine               - version: 0.1
20:01:32.514 [FXGL Background Thread 3 ] DEBUG Engine               - versionCheckDays: 7
20:01:32.514 [FXGL Background Thread 3 ] DEBUG Engine               - width: 800
20:01:32.514 [FXGL Background Thread 3 ] DEBUG Engine               - Logging services
20:01:32.514 [FXGL Background Thread 3 ] DEBUG Engine               - class com.almasb.fxgl.app.services.FXGLAssetLoaderService
20:01:32.514 [FXGL Background Thread 3 ] DEBUG Engine               - class com.almasb.fxgl.app.FXGLApplication$GameApplicationService
20:01:32.514 [FXGL Background Thread 3 ] DEBUG Engine               - class com.almasb.fxgl.app.services.FXGLDialogService
20:01:32.514 [FXGL Background Thread 3 ] DEBUG Engine               - class com.almasb.fxgl.app.services.IOTaskExecutorService
20:01:32.514 [FXGL Background Thread 3 ] DEBUG Engine               - class com.almasb.fxgl.io.FileSystemService
20:01:32.514 [FXGL Background Thread 3 ] DEBUG Engine               - class com.almasb.fxgl.localization.LocalizationService
20:01:32.514 [FXGL Background Thread 3 ] DEBUG Engine               - class com.almasb.fxgl.app.services.SystemBundleService
20:01:32.514 [FXGL Background Thread 3 ] DEBUG Engine               - class com.almasb.fxgl.profile.SaveLoadService
20:01:32.514 [FXGL Background Thread 3 ] DEBUG Engine               - class com.almasb.fxgl.ui.FXGLUIFactoryServiceProvider
20:01:32.514 [FXGL Background Thread 3 ] DEBUG Engine               - class com.almasb.fxgl.ui.FXGLDialogFactoryServiceProvider
20:01:32.514 [FXGL Background Thread 3 ] DEBUG Engine               - class com.almasb.fxgl.audio.AudioPlayer
20:01:32.514 [FXGL Background Thread 3 ] DEBUG Engine               - class com.almasb.fxgl.notification.impl.NotificationServiceProvider
20:01:32.514 [FXGL Background Thread 3 ] DEBUG Engine               - class com.almasb.fxgl.achievement.AchievementService
20:01:32.514 [FXGL Background Thread 3 ] DEBUG Engine               - class com.almasb.fxgl.cutscene.CutsceneService
20:01:32.514 [FXGL Background Thread 3 ] DEBUG Engine               - class com.almasb.fxgl.minigames.MiniGameService
20:01:32.514 [FXGL Background Thread 3 ] DEBUG Engine               - class com.almasb.fxgl.net.NetService
20:01:32.515 [FXGL Background Thread 3 ] DEBUG Engine               - class com.almasb.fxgl.app.services.UpdaterService
20:01:32.515 [FXGL Background Thread 3 ] DEBUG Engine               - class com.almasb.fxgl.dev.DevService
20:01:36.205 [JavaFX Application Thread] DEBUG FXGLApplication      - Exiting FXGL
20:01:36.206 [JavaFX Application Thread] DEBUG LoopRunner           - Stopping loop
20:01:36.206 [JavaFX Application Thread] DEBUG SystemBundleService  - Saving FXGL system data
20:01:36.208 [JavaFX Application Thread] DEBUG FileSystemAccess     - Writing to: D:\School\CSI 2300\HerculesProject\HerculesProject\system\fxgl.bundle
20:01:36.209 [JavaFX Application Thread] DEBUG Async                - Shutting down background threads
20:01:36.210 [JavaFX Application Thread] DEBUG PrimaryStageWindow   - Closing main window
20:01:36.222 [JavaFX Application Thread] DEBUG Logger               - Closing Logger
