14:22:56.267 [main                     ] DEBUG Logger               - Configured Logger
14:22:56.309 [main                     ] DEBUG GameApplication      - Logging settings
Title: My Game
Version: 0.1
Width: 1000
Height: 800
Fullscreen: false
Intro: false
Profiling: false
Single step:false
App Mode: DEVELOPER
Menu Key: ESCAPE
Stage Style: DECORATED
Scene Factory: class com.almasb.fxgl.app.scene.SceneFactory

14:22:56.966 [JavaFX Application Thread] DEBUG FXGLApplication      - Initializing FXGL
14:22:56.971 [JavaFX Application Thread] INFO  Engine               - FXGL-21.1 (26.03.2024 17.33) on WINDOWS (J:21.0.1 FX:21.0.1)
14:22:56.973 [JavaFX Application Thread] DEBUG Engine               - JRE Vendor Name: Oracle Corporation
14:22:56.974 [JavaFX Application Thread] DEBUG Engine               - Running on OS: Windows 11 version 10.0
14:22:56.974 [JavaFX Application Thread] DEBUG Engine               - Architecture: amd64
14:22:56.974 [JavaFX Application Thread] INFO  Engine               - Source code and latest versions at: https://github.com/AlmasB/FXGL
14:22:56.975 [JavaFX Application Thread] INFO  Engine               -       Ask questions and discuss at: https://github.com/AlmasB/FXGL/discussions
14:22:56.975 [JavaFX Application Thread] INFO  Engine               -              Join the FXGL chat at: https://gitter.im/AlmasB/FXGL
14:22:57.153 [JavaFX Application Thread] DEBUG PrimaryStageWindow   - Creating a JavaFX scene
14:22:57.220 [JavaFX Application Thread] DEBUG PrimaryStageWindow   - Target settings size: 1000.0 x 800.0
14:22:57.220 [JavaFX Application Thread] DEBUG PrimaryStageWindow   - Scaled scene size:    1000.0 x 800.0
14:22:57.221 [JavaFX Application Thread] DEBUG PrimaryStageWindow   - Scaled ratio: (1.0, 1.0)
14:22:57.225 [JavaFX Application Thread] DEBUG PrimaryStageWindow   - Set initial scene to FXGLStartupScene
14:22:57.228 [JavaFX Application Thread] DEBUG PrimaryStageWindow   - Opening main window
14:22:57.395 [JavaFX Application Thread] DEBUG PrimaryStageWindow   - Window border size: (14.4000244140625, 37.5999755859375)
14:22:57.395 [JavaFX Application Thread] DEBUG PrimaryStageWindow   - Scaled size: 1000.0 x 800.0
14:22:57.396 [JavaFX Application Thread] DEBUG PrimaryStageWindow   - Scaled ratio: (1.0, 1.0)
14:22:57.396 [JavaFX Application Thread] DEBUG PrimaryStageWindow   - Scene size: 1000.0 x 800.0
14:22:57.396 [JavaFX Application Thread] DEBUG PrimaryStageWindow   - Stage size: 1014.4000244140625 x 837.5999755859375
14:22:57.406 [FXGL Background Thread 1 ] DEBUG Engine               - Initializing environment variables
14:22:57.487 [FXGL Background Thread 1 ] DEBUG FXGLAssetLoaderServi - User app class for loading assets: class App
14:22:57.487 [FXGL Background Thread 1 ] DEBUG GameApplicationServi - Applying CSS: fxgl_dark.css
14:22:57.489 [FXGL Background Thread 1 ] DEBUG FXGLAssetLoaderServi - Loading from file system: jar:file:/C:/Users/upshu/OneDrive/Documents/Downloads/fxgl-21.1-uber.jar!/fxglassets/ui/css/fxgl_dark.css
14:22:57.544 [FXGL Background Thread 1 ] DEBUG GameApplicationServi - Initializing application scenes
14:22:57.591 [FXGL Background Thread 1 ] DEBUG GameWorld            - Game world initialized
14:22:57.678 [FXGL Background Thread 1 ] DEBUG PhysicsWorld         - Physics world initialized: appHeight=800, physics.ppm=50.0
14:22:57.678 [FXGL Background Thread 1 ] DEBUG PhysicsWorld         - Using strategy: BRUTE_FORCE
14:22:57.683 [FXGL Background Thread 1 ] DEBUG GameScene            - Game scene initialized: 1000x800
14:22:57.698 [FXGL Background Thread 1 ] DEBUG FXGL.DefaultMenu     - createMenuBodyGameMenu()
14:22:57.717 [FXGL Background Thread 1 ] DEBUG FXGL.DefaultMenu     - createOptionsMenu()
14:22:57.729 [FXGL Background Thread 1 ] DEBUG FXGLAssetLoaderServi - Loading from file system: jar:file:/C:/Users/upshu/OneDrive/Documents/Downloads/fxgl-21.1-uber.jar!/fxglassets/textures/particles/smoke.png
14:22:57.847 [FXGL Background Thread 1 ] DEBUG FXGLAssetLoaderServi - Loading from file system: jar:file:/C:/Users/upshu/OneDrive/Documents/Downloads/fxgl-21.1-uber.jar!/fxglassets/textures/particles/trace_horizontal.png
14:22:57.892 [FXGL Background Thread 1 ] DEBUG GameApplicationServi - Application scenes initialized
14:22:57.916 [FXGL Background Thread 1 ] DEBUG SystemBundleService  - Loading default FXGL system data
14:22:57.916 [FXGL Background Thread 1 ] DEBUG UpdaterService       - Checking for updates
14:22:57.921 [FXGL Background Thread 4 ] DEBUG FXGLApplication      - Loading fonts
14:22:57.924 [FXGL Background Thread 1 ] DEBUG FXGLApplication      - Loading default localization
14:22:57.924 [FXGL Background Thread 4 ] DEBUG FXGLAssetLoaderServi - Loading from file system: jar:file:/C:/Users/upshu/OneDrive/Documents/Downloads/fxgl-21.1-uber.jar!/fxglassets/ui/fonts/VarelaRound-Regular.ttf
14:22:57.925 [FXGL Background Thread 1 ] DEBUG FXGLAssetLoaderServi - Loading from file system: jar:file:/C:/Users/upshu/OneDrive/Documents/Downloads/fxgl-21.1-uber.jar!/fxglassets/languages/english.lang
14:22:57.945 [FXGL Background Thread 1 ] INFO  FXGLApplication      - FXGL initialization took: 0.539 sec
14:22:57.965 [JavaFX Application Thread] DEBUG Input                - Registered new binding: Move Right - D
14:22:57.965 [JavaFX Application Thread] DEBUG FXGLAssetLoaderServi - Loading from file system: jar:file:/C:/Users/upshu/OneDrive/Documents/Downloads/fxgl-21.1-uber.jar!/fxglassets/textures/fxgl_icon.png
14:22:57.991 [JavaFX Application Thread] DEBUG FXGLAssetLoaderServi - Loading from file system: jar:file:/C:/Users/upshu/OneDrive/Documents/Downloads/fxgl-21.1-uber.jar!/fxglassets/textures/fxgl_default_cursor.png
14:22:57.994 [JavaFX Application Thread] DEBUG Input                - Registered new binding: Screenshot - CTRL+8
14:22:57.995 [JavaFX Application Thread] DEBUG Input                - Registered new binding: System info dump - CTRL+9
14:22:57.995 [JavaFX Application Thread] DEBUG Input                - Registered new binding: Restart - CTRL+R
14:22:57.996 [JavaFX Application Thread] DEBUG Input                - Registered new binding: Toggle Debug Camera - CTRL+7
14:22:57.997 [FXGL Background Thread 4 ] DEBUG FXGLAssetLoaderServi - Loading from file system: jar:file:/C:/Users/upshu/OneDrive/Documents/Downloads/fxgl-21.1-uber.jar!/fxglassets/ui/fonts/Abel-Regular.ttf
14:22:57.999 [JavaFX Application Thread] DEBUG LoopRunner           - Starting loop
14:22:57.999 [JavaFX Application Thread] DEBUG LoopRunner           - Initializing JavaFX AnimationTimerLoop
14:22:58.001 [JavaFX Application Thread] DEBUG GameApplicationServi - Starting new game
14:22:58.002 [JavaFX Application Thread] DEBUG Input                - Clearing active input actions
14:22:58.005 [FXGL Background Thread 4 ] DEBUG FXGLAssetLoaderServi - Loading from file system: jar:file:/C:/Users/upshu/OneDrive/Documents/Downloads/fxgl-21.1-uber.jar!/fxglassets/ui/fonts/TerminalLandMono-Regular.otf
14:22:58.018 [JavaFX Application Thread] DEBUG GameApplicationServi - Removing overlay from FXGLStartupScene and adding to FXGLLoadingScene
14:22:58.018 [JavaFX Application Thread] DEBUG PrimaryStageWindow   - FXGLStartupScene -> FXGLLoadingScene
14:22:58.019 [JavaFX Application Thread] DEBUG GameApplicationServi - Clearing previous game
14:22:58.019 [JavaFX Application Thread] DEBUG GameScene            - Clearing game scene
14:22:58.019 [JavaFX Application Thread] DEBUG GameWorld            - Clearing game world
14:22:58.020 [FXGL Background Thread 4 ] DEBUG FXGLAssetLoaderServi - Loading from file system: jar:file:/C:/Users/upshu/OneDrive/Documents/Downloads/fxgl-21.1-uber.jar!/fxglassets/ui/fonts/Courier-Prime.ttf
14:22:58.020 [JavaFX Application Thread] DEBUG PhysicsWorld         - Clearing physics world
14:22:58.024 [FXGL Background Thread 1 ] DEBUG FXGLApplication      - Initializing game
14:22:58.027 [FXGL Background Thread 1 ] WARN  FXGLAssetLoaderServi - Asset "/assets/textures/player.png" was not found!
14:22:58.035 [FXGL Background Thread 1 ] WARN  FXGLAssetLoaderServi - Failed to load IMAGE
14:22:58.080 [JavaFX Application Thread] DEBUG FXGLApplication      - Registering font factories with UI factory
14:22:58.220 [FXGL Background Thread 1 ] INFO  FXGLApplication      - Game initialization took: 0.196 sec
14:22:58.225 [JavaFX Application Thread] DEBUG Input                - Clearing active input actions
14:22:58.235 [JavaFX Application Thread] DEBUG GameApplicationServi - Removing overlay from FXGLLoadingScene and adding to GameScene
14:22:58.235 [JavaFX Application Thread] DEBUG PrimaryStageWindow   - FXGLLoadingScene -> GameScene
14:23:00.919 [FXGL Background Thread 3 ] DEBUG Engine               - Logging environment variables
14:23:00.920 [FXGL Background Thread 3 ] DEBUG Engine               - achievements: []
14:23:00.920 [FXGL Background Thread 3 ] DEBUG Engine               - actualHeight: 800.0
14:23:00.921 [FXGL Background Thread 3 ] DEBUG Engine               - actualHeightProperty: ReadOnlyDoubleProperty [value: 800.0]
14:23:00.921 [FXGL Background Thread 3 ] DEBUG Engine               - actualWidth: 1000.0
14:23:00.921 [FXGL Background Thread 3 ] DEBUG Engine               - actualWidthProperty: ReadOnlyDoubleProperty [value: 1000.0]
14:23:00.921 [FXGL Background Thread 3 ] DEBUG Engine               - appIcon: fxgl_icon.png
14:23:00.921 [FXGL Background Thread 3 ] DEBUG Engine               - applicationMode: DEVELOPER
14:23:00.922 [FXGL Background Thread 3 ] DEBUG Engine               - cSSList: [fxgl_dark.css]
14:23:00.922 [FXGL Background Thread 3 ] DEBUG Engine               - collisionDetectionStrategy: BRUTE_FORCE
14:23:00.922 [FXGL Background Thread 3 ] DEBUG Engine               - configClass: Optional.empty
14:23:00.922 [FXGL Background Thread 3 ] DEBUG Engine               - credits: []
14:23:00.923 [FXGL Background Thread 3 ] DEBUG Engine               - defaultCursor: CursorInfo(imageName=fxgl_default_cursor.png, hotspotX=7.0, hotspotY=6.0)
14:23:00.924 [FXGL Background Thread 3 ] DEBUG Engine               - devBBoxColorProperty: ObjectProperty [value: 0xff0000ff]
14:23:00.924 [FXGL Background Thread 3 ] DEBUG Engine               - devEnableDebugCameraProperty: BooleanProperty [value: false]
14:23:00.924 [FXGL Background Thread 3 ] DEBUG Engine               - devSensorColorProperty: ObjectProperty [value: 0xffff00ff]
14:23:00.924 [FXGL Background Thread 3 ] DEBUG Engine               - devShowBBoxProperty: BooleanProperty [value: false]
14:23:00.924 [FXGL Background Thread 3 ] DEBUG Engine               - devShowPositionProperty: BooleanProperty [value: false]
14:23:00.924 [FXGL Background Thread 3 ] DEBUG Engine               - enabledMenuItems: []
14:23:00.924 [FXGL Background Thread 3 ] DEBUG Engine               - engineServices: [class com.almasb.fxgl.app.services.FXGLAssetLoaderService, class com.almasb.fxgl.app.FXGLApplication$GameApplicationService, class com.almasb.fxgl.app.services.FXGLDialogService, class com.almasb.fxgl.app.services.IOTaskExecutorService, class com.almasb.fxgl.io.FileSystemService, class com.almasb.fxgl.localization.LocalizationService, class com.almasb.fxgl.app.services.SystemBundleService, class com.almasb.fxgl.profile.SaveLoadService, class com.almasb.fxgl.ui.FXGLUIFactoryServiceProvider, class com.almasb.fxgl.ui.FXGLDialogFactoryServiceProvider, class com.almasb.fxgl.audio.AudioPlayer, class com.almasb.fxgl.notification.impl.NotificationServiceProvider, class com.almasb.fxgl.achievement.AchievementService, class com.almasb.fxgl.cutscene.CutsceneService, class com.almasb.fxgl.minigames.MiniGameService, class com.almasb.fxgl.net.NetService, class com.almasb.fxgl.app.services.UpdaterService, class com.almasb.fxgl.dev.DevService]
14:23:00.925 [FXGL Background Thread 3 ] DEBUG Engine               - fontGame: Abel-Regular.ttf
14:23:00.925 [FXGL Background Thread 3 ] DEBUG Engine               - fontMono: TerminalLandMono-Regular.otf
14:23:00.925 [FXGL Background Thread 3 ] DEBUG Engine               - fontSizeScaleUI: 1.0
14:23:00.925 [FXGL Background Thread 3 ] DEBUG Engine               - fontText: Courier-Prime.ttf
14:23:00.925 [FXGL Background Thread 3 ] DEBUG Engine               - fontUI: VarelaRound-Regular.ttf
14:23:00.925 [FXGL Background Thread 3 ] DEBUG Engine               - fullScreen: BooleanProperty [value: false]
14:23:00.925 [FXGL Background Thread 3 ] DEBUG Engine               - gameDifficulty: MEDIUM
14:23:00.925 [FXGL Background Thread 3 ] DEBUG Engine               - gameDifficultyProperty: ObjectProperty [value: MEDIUM]
14:23:00.926 [FXGL Background Thread 3 ] DEBUG Engine               - globalMusicVolume: 0.5
14:23:00.926 [FXGL Background Thread 3 ] DEBUG Engine               - globalMusicVolumeProperty: DoubleProperty [value: 0.5]
14:23:00.926 [FXGL Background Thread 3 ] DEBUG Engine               - globalSoundVolume: 0.5
14:23:00.926 [FXGL Background Thread 3 ] DEBUG Engine               - globalSoundVolumeProperty: DoubleProperty [value: 0.5]
14:23:00.926 [FXGL Background Thread 3 ] DEBUG Engine               - height: 800
14:23:00.926 [FXGL Background Thread 3 ] DEBUG Engine               - is3D: false
14:23:00.926 [FXGL Background Thread 3 ] DEBUG Engine               - isAndroid: false
14:23:00.926 [FXGL Background Thread 3 ] DEBUG Engine               - isBrowser: false
14:23:00.926 [FXGL Background Thread 3 ] DEBUG Engine               - isClickFeedbackEnabled: false
14:23:00.926 [FXGL Background Thread 3 ] DEBUG Engine               - isCloseConfirmation: false
14:23:00.926 [FXGL Background Thread 3 ] DEBUG Engine               - isDesktop: true
14:23:00.927 [FXGL Background Thread 3 ] DEBUG Engine               - isDeveloperMenuEnabled: false
14:23:00.927 [FXGL Background Thread 3 ] DEBUG Engine               - isEmbedded: false
14:23:00.927 [FXGL Background Thread 3 ] DEBUG Engine               - isEntityPreloadEnabled: true
14:23:00.927 [FXGL Background Thread 3 ] DEBUG Engine               - isExperimentalTiledLargeMap: false
14:23:00.927 [FXGL Background Thread 3 ] DEBUG Engine               - isFileSystemWriteAllowed: true
14:23:00.927 [FXGL Background Thread 3 ] DEBUG Engine               - isFullScreenAllowed: false
14:23:00.927 [FXGL Background Thread 3 ] DEBUG Engine               - isFullScreenFromStart: false
14:23:00.927 [FXGL Background Thread 3 ] DEBUG Engine               - isGameMenuEnabled: true
14:23:00.927 [FXGL Background Thread 3 ] DEBUG Engine               - isIOS: false
14:23:00.928 [FXGL Background Thread 3 ] DEBUG Engine               - isIntroEnabled: false
14:23:00.928 [FXGL Background Thread 3 ] DEBUG Engine               - isLinux: false
14:23:00.928 [FXGL Background Thread 3 ] DEBUG Engine               - isMac: false
14:23:00.928 [FXGL Background Thread 3 ] DEBUG Engine               - isMainMenuEnabled: false
14:23:00.928 [FXGL Background Thread 3 ] DEBUG Engine               - isManualResizeEnabled: false
14:23:00.928 [FXGL Background Thread 3 ] DEBUG Engine               - isMobile: false
14:23:00.928 [FXGL Background Thread 3 ] DEBUG Engine               - isNative: false
14:23:00.928 [FXGL Background Thread 3 ] DEBUG Engine               - isPauseMusicWhenMinimized: true
14:23:00.928 [FXGL Background Thread 3 ] DEBUG Engine               - isPreserveResizeRatio: false
14:23:00.928 [FXGL Background Thread 3 ] DEBUG Engine               - isProfilingEnabled: false
14:23:00.929 [FXGL Background Thread 3 ] DEBUG Engine               - isScaleAffectedOnResize: true
14:23:00.929 [FXGL Background Thread 3 ] DEBUG Engine               - isSingleStep: false
14:23:00.929 [FXGL Background Thread 3 ] DEBUG Engine               - isUserProfileEnabled: false
14:23:00.929 [FXGL Background Thread 3 ] DEBUG Engine               - isWindows: true
14:23:00.929 [FXGL Background Thread 3 ] DEBUG Engine               - language: ObjectProperty [value: ENGLISH]
14:23:00.929 [FXGL Background Thread 3 ] DEBUG Engine               - menuKey: ESCAPE
14:23:00.929 [FXGL Background Thread 3 ] DEBUG Engine               - mouseSensitivity: 0.2
14:23:00.929 [FXGL Background Thread 3 ] DEBUG Engine               - notificationViewClass: class com.almasb.fxgl.notification.view.XboxNotificationView
14:23:00.930 [FXGL Background Thread 3 ] DEBUG Engine               - pixelsPerMeter: 50.0
14:23:00.930 [FXGL Background Thread 3 ] DEBUG Engine               - platform: WINDOWS
14:23:00.930 [FXGL Background Thread 3 ] DEBUG Engine               - prefHeightProperty: ReadOnlyDoubleProperty [value: 800.0]
14:23:00.930 [FXGL Background Thread 3 ] DEBUG Engine               - prefWidthProperty: ReadOnlyDoubleProperty [value: 1000.0]
14:23:00.930 [FXGL Background Thread 3 ] DEBUG Engine               - profileDir: profiles/
14:23:00.930 [FXGL Background Thread 3 ] DEBUG Engine               - profileName: StringProperty [value: DEFAULT]
14:23:00.930 [FXGL Background Thread 3 ] DEBUG Engine               - randomSeed: -1
14:23:00.931 [FXGL Background Thread 3 ] DEBUG Engine               - runtimeInfo: RuntimeInfo(platform=WINDOWS, version=21.1, build=26.03.2024 17.33)
14:23:00.931 [FXGL Background Thread 3 ] DEBUG Engine               - saveFileExt: sav
14:23:00.931 [FXGL Background Thread 3 ] DEBUG Engine               - scaledHeightProp$fxgl: DoubleProperty [bound, value: 800.0]
14:23:00.931 [FXGL Background Thread 3 ] DEBUG Engine               - scaledWidthProp$fxgl: DoubleProperty [bound, value: 1000.0]
14:23:00.932 [FXGL Background Thread 3 ] DEBUG Engine               - sceneFactory: com.almasb.fxgl.app.scene.SceneFactory@65163335
14:23:00.932 [FXGL Background Thread 3 ] DEBUG Engine               - secondsIn24h: 60
14:23:00.932 [FXGL Background Thread 3 ] DEBUG Engine               - soundMenuBack: menu/back.wav
14:23:00.932 [FXGL Background Thread 3 ] DEBUG Engine               - soundMenuPress: menu/press.wav
14:23:00.932 [FXGL Background Thread 3 ] DEBUG Engine               - soundMenuSelect: menu/select.wav
14:23:00.932 [FXGL Background Thread 3 ] DEBUG Engine               - soundNotification: core/notification.wav
14:23:00.932 [FXGL Background Thread 3 ] DEBUG Engine               - stageStyle: DECORATED
14:23:00.933 [FXGL Background Thread 3 ] DEBUG Engine               - supportedLanguages: [ENGLISH, FRENCH, GERMAN, HUNGARIAN, RUSSIAN]
14:23:00.933 [FXGL Background Thread 3 ] DEBUG Engine               - ticksPerSecond: -1
14:23:00.933 [FXGL Background Thread 3 ] DEBUG Engine               - title: My Game
14:23:00.933 [FXGL Background Thread 3 ] DEBUG Engine               - urlGithub: https://github.com/AlmasB/FXGL
14:23:00.933 [FXGL Background Thread 3 ] DEBUG Engine               - urlLeaderboard: http://fxgl-top.herokuapp.com/
14:23:00.933 [FXGL Background Thread 3 ] DEBUG Engine               - urlPOM: https://raw.githubusercontent.com/AlmasB/FXGL/release/README.md
14:23:00.933 [FXGL Background Thread 3 ] DEBUG Engine               - userAppClass: class App
14:23:00.934 [FXGL Background Thread 3 ] DEBUG Engine               - version: 0.1
14:23:00.934 [FXGL Background Thread 3 ] DEBUG Engine               - versionCheckDays: 7
14:23:00.934 [FXGL Background Thread 3 ] DEBUG Engine               - width: 1000
14:23:00.934 [FXGL Background Thread 3 ] DEBUG Engine               - Logging services
14:23:00.934 [FXGL Background Thread 3 ] DEBUG Engine               - class com.almasb.fxgl.app.services.FXGLAssetLoaderService
14:23:00.934 [FXGL Background Thread 3 ] DEBUG Engine               - class com.almasb.fxgl.app.FXGLApplication$GameApplicationService
14:23:00.934 [FXGL Background Thread 3 ] DEBUG Engine               - class com.almasb.fxgl.app.services.FXGLDialogService
14:23:00.934 [FXGL Background Thread 3 ] DEBUG Engine               - class com.almasb.fxgl.app.services.IOTaskExecutorService
14:23:00.935 [FXGL Background Thread 3 ] DEBUG Engine               - class com.almasb.fxgl.io.FileSystemService
14:23:00.935 [FXGL Background Thread 3 ] DEBUG Engine               - class com.almasb.fxgl.localization.LocalizationService
14:23:00.935 [FXGL Background Thread 3 ] DEBUG Engine               - class com.almasb.fxgl.app.services.SystemBundleService
14:23:00.935 [FXGL Background Thread 3 ] DEBUG Engine               - class com.almasb.fxgl.profile.SaveLoadService
14:23:00.935 [FXGL Background Thread 3 ] DEBUG Engine               - class com.almasb.fxgl.ui.FXGLUIFactoryServiceProvider
14:23:00.935 [FXGL Background Thread 3 ] DEBUG Engine               - class com.almasb.fxgl.ui.FXGLDialogFactoryServiceProvider
14:23:00.935 [FXGL Background Thread 3 ] DEBUG Engine               - class com.almasb.fxgl.audio.AudioPlayer
14:23:00.935 [FXGL Background Thread 3 ] DEBUG Engine               - class com.almasb.fxgl.notification.impl.NotificationServiceProvider
14:23:00.935 [FXGL Background Thread 3 ] DEBUG Engine               - class com.almasb.fxgl.achievement.AchievementService
14:23:00.936 [FXGL Background Thread 3 ] DEBUG Engine               - class com.almasb.fxgl.cutscene.CutsceneService
14:23:00.936 [FXGL Background Thread 3 ] DEBUG Engine               - class com.almasb.fxgl.minigames.MiniGameService
14:23:00.936 [FXGL Background Thread 3 ] DEBUG Engine               - class com.almasb.fxgl.net.NetService
14:23:00.936 [FXGL Background Thread 3 ] DEBUG Engine               - class com.almasb.fxgl.app.services.UpdaterService
14:23:00.936 [FXGL Background Thread 3 ] DEBUG Engine               - class com.almasb.fxgl.dev.DevService
14:23:01.862 [JavaFX Application Thread] DEBUG FXGLApplication      - Exiting FXGL
14:23:01.862 [JavaFX Application Thread] DEBUG LoopRunner           - Stopping loop
14:23:01.863 [JavaFX Application Thread] DEBUG SystemBundleService  - Saving FXGL system data
14:23:01.866 [JavaFX Application Thread] DEBUG FileSystemAccess     - Writing to: C:\Users\upshu\OneDrive\Documents\GitHub\HerculesProject\system\fxgl.bundle
14:23:01.878 [JavaFX Application Thread] DEBUG Async                - Shutting down background threads
14:23:01.878 [JavaFX Application Thread] DEBUG PrimaryStageWindow   - Closing main window
14:23:01.897 [JavaFX Application Thread] DEBUG Logger               - Closing Logger
